2014/03/10 19:12:48 [debug] [application]     .... 
in /var/www/hosts/gigadb.cogini.com/htdocs/protected/views/dataset/view.php (222)
in /var/www/hosts/gigadb.cogini.com/htdocs/protected/controllers/DatasetController.php (140)
in /var/www/hosts/gigadb.cogini.com/htdocs/index.php (15)
2014/03/11 17:28:46 [debug] [application]     .... 
in /var/www/hosts/gigadb.cogini.com/htdocs/protected/views/dataset/view.php (222)
in /var/www/hosts/gigadb.cogini.com/htdocs/protected/controllers/DatasetController.php (140)
in /var/www/hosts/gigadb.cogini.com/htdocs/index.php (15)
2014/03/11 19:24:19 [error] [exception.CDbException] exception 'CDbException' with message 'CDbConnection failed to open the DB connection: SQLSTATE[08006] [7] could not connect to server: Connection refused
	Is the server running on host "localhost" (::1) and accepting
	TCP/IP connections on port 5432?
could not connect to server: Connection refused
	Is the server running on host "localhost" (127.0.0.1) and accepting
	TCP/IP connections on port 5432?' in /var/www/hosts/gigadb.cogini.com/yii/framework/db/CDbConnection.php:382
Stack trace:
#0 /var/www/hosts/gigadb.cogini.com/yii/framework/db/CDbConnection.php(331): CDbConnection->open()
#1 /var/www/hosts/gigadb.cogini.com/yii/framework/db/CDbConnection.php(309): CDbConnection->setActive(true)
#2 /var/www/hosts/gigadb.cogini.com/yii/framework/base/CModule.php(388): CDbConnection->init()
#3 /var/www/hosts/gigadb.cogini.com/yii/framework/web/CDbHttpSession.php(154): CModule->getComponent('db')
#4 /var/www/hosts/gigadb.cogini.com/yii/framework/web/CDbHttpSession.php(178): CDbHttpSession->getDbConnection()
#5 [internal function]: CDbHttpSession->openSession('/var/lib/php/se...', 'PHPSESSID')
#6 /var/www/hosts/gigadb.cogini.com/yii/framework/web/CHttpSession.php(115): session_start()
#7 /var/www/hosts/gigadb.cogini.com/yii/framework/web/CHttpSession.php(89): CHttpSession->open()
#8 /var/www/hosts/gigadb.cogini.com/yii/framework/base/CModule.php(388): CHttpSession->init()
#9 /var/www/hosts/gigadb.cogini.com/yii/framework/base/CModule.php(104): CModule->getComponent('session')
#10 /var/www/hosts/gigadb.cogini.com/htdocs/protected/components/Controller.php(50): CModule->__get('session')
#11 /var/www/hosts/gigadb.cogini.com/yii/framework/web/CWebApplication.php(275): Controller->init()
#12 /var/www/hosts/gigadb.cogini.com/yii/framework/web/CWebApplication.php(135): CWebApplication->runController('')
#13 /var/www/hosts/gigadb.cogini.com/yii/framework/base/CApplication.php(162): CWebApplication->processRequest()
#14 /var/www/hosts/gigadb.cogini.com/htdocs/index.php(15): CApplication->run()
#15 {main}
REQUEST_URI=/
---
2014/03/13 18:30:29 [error] [exception.CHttpException.404] exception 'CHttpException' with message 'The system is unable to find the requested action "keyword".' in /var/www/hosts/gigadb.cogini.com/yii/framework/web/CController.php:484
Stack trace:
#0 /var/www/hosts/gigadb.cogini.com/yii/framework/web/CController.php(271): CController->missingAction('keyword')
#1 /var/www/hosts/gigadb.cogini.com/yii/framework/web/CWebApplication.php(276): CController->run('keyword')
#2 /var/www/hosts/gigadb.cogini.com/yii/framework/web/CWebApplication.php(135): CWebApplication->runController('api/keyword')
#3 /var/www/hosts/gigadb.cogini.com/yii/framework/base/CApplication.php(162): CWebApplication->processRequest()
#4 /var/www/hosts/gigadb.cogini.com/htdocs/index.php(15): CApplication->run()
#5 {main}
REQUEST_URI=/api/keyword/pan
---
2014/03/13 18:33:07 [error] [php] Undefined index: action (/var/www/hosts/gigadb.cogini.com/htdocs/protected/controllers/ApiController.php:129)
Stack trace:
#0 /var/www/hosts/gigadb.cogini.com/yii/framework/web/CController.php(287): ApiController->runAction()
#1 /var/www/hosts/gigadb.cogini.com/yii/framework/web/CController.php(266): ApiController->runActionWithFilters()
#2 /var/www/hosts/gigadb.cogini.com/yii/framework/web/CWebApplication.php(276): ApiController->run()
#3 /var/www/hosts/gigadb.cogini.com/yii/framework/web/CWebApplication.php(135): CWebApplication->runController()
#4 /var/www/hosts/gigadb.cogini.com/yii/framework/base/CApplication.php(162): CWebApplication->processRequest()
#5 /var/www/hosts/gigadb.cogini.com/htdocs/index.php(15): CWebApplication->run()
REQUEST_URI=/api/sample/Pan
in /var/www/hosts/gigadb.cogini.com/htdocs/protected/controllers/ApiController.php (129)
in /var/www/hosts/gigadb.cogini.com/htdocs/index.php (15)
2014/03/13 18:33:20 [error] [php] Undefined index: action (/var/www/hosts/gigadb.cogini.com/htdocs/protected/controllers/ApiController.php:129)
Stack trace:
#0 /var/www/hosts/gigadb.cogini.com/yii/framework/web/CController.php(287): ApiController->runAction()
#1 /var/www/hosts/gigadb.cogini.com/yii/framework/web/CController.php(266): ApiController->runActionWithFilters()
#2 /var/www/hosts/gigadb.cogini.com/yii/framework/web/CWebApplication.php(276): ApiController->run()
#3 /var/www/hosts/gigadb.cogini.com/yii/framework/web/CWebApplication.php(135): CWebApplication->runController()
#4 /var/www/hosts/gigadb.cogini.com/yii/framework/base/CApplication.php(162): CWebApplication->processRequest()
#5 /var/www/hosts/gigadb.cogini.com/htdocs/index.php(15): CWebApplication->run()
REQUEST_URI=/api/sample/Pan
in /var/www/hosts/gigadb.cogini.com/htdocs/protected/controllers/ApiController.php (129)
in /var/www/hosts/gigadb.cogini.com/htdocs/index.php (15)
2014/03/13 18:36:44 [error] [php] Undefined index: name (/var/www/hosts/gigadb.cogini.com/htdocs/protected/controllers/ApiController.php:172)
Stack trace:
#0 /var/www/hosts/gigadb.cogini.com/yii/framework/web/CController.php(287): ApiController->runAction()
#1 /var/www/hosts/gigadb.cogini.com/yii/framework/web/CController.php(266): ApiController->runActionWithFilters()
#2 /var/www/hosts/gigadb.cogini.com/yii/framework/web/CWebApplication.php(276): ApiController->run()
#3 /var/www/hosts/gigadb.cogini.com/yii/framework/web/CWebApplication.php(135): CWebApplication->runController()
#4 /var/www/hosts/gigadb.cogini.com/yii/framework/base/CApplication.php(162): CWebApplication->processRequest()
#5 /var/www/hosts/gigadb.cogini.com/htdocs/index.php(15): CWebApplication->run()
REQUEST_URI=/api/keyword/Pan
in /var/www/hosts/gigadb.cogini.com/htdocs/protected/controllers/ApiController.php (172)
in /var/www/hosts/gigadb.cogini.com/htdocs/index.php (15)
2014/03/13 19:50:33 [error] [php] assert(): Assertion failed (/var/www/hosts/gigadb.cogini.com/htdocs/protected/models/SphinxClient.php:825)
Stack trace:
#0 /var/www/hosts/gigadb.cogini.com/htdocs/protected/controllers/ApiController.php(173): sphinxSearch()
#1 /var/www/hosts/gigadb.cogini.com/yii/framework/web/actions/CInlineAction.php(50): ApiController->actionKeyword()
#2 /var/www/hosts/gigadb.cogini.com/yii/framework/web/CController.php(309): CInlineAction->runWithParams()
#3 /var/www/hosts/gigadb.cogini.com/yii/framework/web/CController.php(287): ApiController->runAction()
#4 /var/www/hosts/gigadb.cogini.com/yii/framework/web/CController.php(266): ApiController->runActionWithFilters()
#5 /var/www/hosts/gigadb.cogini.com/yii/framework/web/CWebApplication.php(276): ApiController->run()
#6 /var/www/hosts/gigadb.cogini.com/yii/framework/web/CWebApplication.php(135): CWebApplication->runController()
#7 /var/www/hosts/gigadb.cogini.com/yii/framework/base/CApplication.php(162): CWebApplication->processRequest()
#8 /var/www/hosts/gigadb.cogini.com/htdocs/index.php(15): CWebApplication->run()
REQUEST_URI=/api/keyword/Pan
in /var/www/hosts/gigadb.cogini.com/htdocs/protected/models/SphinxClient.php (825)
in /var/www/hosts/gigadb.cogini.com/htdocs/protected/models/Dataset.php (192)
in /var/www/hosts/gigadb.cogini.com/htdocs/protected/controllers/ApiController.php (173)
2014/03/13 22:19:11 [error] [php] assert(): Assertion failed (/var/www/hosts/gigadb.cogini.com/htdocs/protected/models/SphinxClient.php:825)
Stack trace:
#0 /var/www/hosts/gigadb.cogini.com/htdocs/protected/controllers/ApiController.php(173): sphinxSearch()
#1 /var/www/hosts/gigadb.cogini.com/yii/framework/web/actions/CInlineAction.php(50): ApiController->actionKeyword()
#2 /var/www/hosts/gigadb.cogini.com/yii/framework/web/CController.php(309): CInlineAction->runWithParams()
#3 /var/www/hosts/gigadb.cogini.com/yii/framework/web/CController.php(287): ApiController->runAction()
#4 /var/www/hosts/gigadb.cogini.com/yii/framework/web/CController.php(266): ApiController->runActionWithFilters()
#5 /var/www/hosts/gigadb.cogini.com/yii/framework/web/CWebApplication.php(276): ApiController->run()
#6 /var/www/hosts/gigadb.cogini.com/yii/framework/web/CWebApplication.php(135): CWebApplication->runController()
#7 /var/www/hosts/gigadb.cogini.com/yii/framework/base/CApplication.php(162): CWebApplication->processRequest()
#8 /var/www/hosts/gigadb.cogini.com/htdocs/index.php(15): CWebApplication->run()
REQUEST_URI=/api/keyword/Pan
in /var/www/hosts/gigadb.cogini.com/htdocs/protected/models/SphinxClient.php (825)
in /var/www/hosts/gigadb.cogini.com/htdocs/protected/models/Dataset.php (192)
in /var/www/hosts/gigadb.cogini.com/htdocs/protected/controllers/ApiController.php (173)
2014/03/13 22:21:30 [error] [php] assert(): Assertion failed (/var/www/hosts/gigadb.cogini.com/htdocs/protected/models/SphinxClient.php:825)
Stack trace:
#0 /var/www/hosts/gigadb.cogini.com/htdocs/protected/controllers/ApiController.php(173): sphinxSearch()
#1 /var/www/hosts/gigadb.cogini.com/yii/framework/web/actions/CInlineAction.php(50): ApiController->actionKeyword()
#2 /var/www/hosts/gigadb.cogini.com/yii/framework/web/CController.php(309): CInlineAction->runWithParams()
#3 /var/www/hosts/gigadb.cogini.com/yii/framework/web/CController.php(287): ApiController->runAction()
#4 /var/www/hosts/gigadb.cogini.com/yii/framework/web/CController.php(266): ApiController->runActionWithFilters()
#5 /var/www/hosts/gigadb.cogini.com/yii/framework/web/CWebApplication.php(276): ApiController->run()
#6 /var/www/hosts/gigadb.cogini.com/yii/framework/web/CWebApplication.php(135): CWebApplication->runController()
#7 /var/www/hosts/gigadb.cogini.com/yii/framework/base/CApplication.php(162): CWebApplication->processRequest()
#8 /var/www/hosts/gigadb.cogini.com/htdocs/index.php(15): CWebApplication->run()
REQUEST_URI=/api/keyword/Pan
in /var/www/hosts/gigadb.cogini.com/htdocs/protected/models/SphinxClient.php (825)
in /var/www/hosts/gigadb.cogini.com/htdocs/protected/models/Dataset.php (192)
in /var/www/hosts/gigadb.cogini.com/htdocs/protected/controllers/ApiController.php (173)
2014/03/13 22:21:53 [error] [php] assert(): Assertion failed (/var/www/hosts/gigadb.cogini.com/htdocs/protected/models/SphinxClient.php:825)
Stack trace:
#0 /var/www/hosts/gigadb.cogini.com/htdocs/protected/controllers/ApiController.php(173): sphinxSearch()
#1 /var/www/hosts/gigadb.cogini.com/yii/framework/web/actions/CInlineAction.php(50): ApiController->actionKeyword()
#2 /var/www/hosts/gigadb.cogini.com/yii/framework/web/CController.php(309): CInlineAction->runWithParams()
#3 /var/www/hosts/gigadb.cogini.com/yii/framework/web/CController.php(287): ApiController->runAction()
#4 /var/www/hosts/gigadb.cogini.com/yii/framework/web/CController.php(266): ApiController->runActionWithFilters()
#5 /var/www/hosts/gigadb.cogini.com/yii/framework/web/CWebApplication.php(276): ApiController->run()
#6 /var/www/hosts/gigadb.cogini.com/yii/framework/web/CWebApplication.php(135): CWebApplication->runController()
#7 /var/www/hosts/gigadb.cogini.com/yii/framework/base/CApplication.php(162): CWebApplication->processRequest()
#8 /var/www/hosts/gigadb.cogini.com/htdocs/index.php(15): CWebApplication->run()
REQUEST_URI=/api/keyword/Homo
in /var/www/hosts/gigadb.cogini.com/htdocs/protected/models/SphinxClient.php (825)
in /var/www/hosts/gigadb.cogini.com/htdocs/protected/models/Dataset.php (192)
in /var/www/hosts/gigadb.cogini.com/htdocs/protected/controllers/ApiController.php (173)
2014/03/13 22:22:57 [error] [exception.CHttpException.404] exception 'CHttpException' with message 'The system is unable to find the requested action "keyword=Homo".' in /var/www/hosts/gigadb.cogini.com/yii/framework/web/CController.php:484
Stack trace:
#0 /var/www/hosts/gigadb.cogini.com/yii/framework/web/CController.php(271): CController->missingAction('keyword=Homo')
#1 /var/www/hosts/gigadb.cogini.com/yii/framework/web/CWebApplication.php(276): CController->run('keyword=Homo')
#2 /var/www/hosts/gigadb.cogini.com/yii/framework/web/CWebApplication.php(135): CWebApplication->runController('search/keyword=...')
#3 /var/www/hosts/gigadb.cogini.com/yii/framework/base/CApplication.php(162): CWebApplication->processRequest()
#4 /var/www/hosts/gigadb.cogini.com/htdocs/index.php(15): CApplication->run()
#5 {main}
REQUEST_URI=/search/keyword=Homo
---
2014/03/13 22:32:24 [error] [php] assert(): Assertion failed (/var/www/hosts/gigadb.cogini.com/htdocs/protected/models/SphinxClient.php:825)
Stack trace:
#0 /var/www/hosts/gigadb.cogini.com/htdocs/protected/controllers/ApiController.php(173): sphinxSearch()
#1 /var/www/hosts/gigadb.cogini.com/yii/framework/web/actions/CInlineAction.php(50): ApiController->actionKeyword()
#2 /var/www/hosts/gigadb.cogini.com/yii/framework/web/CController.php(309): CInlineAction->runWithParams()
#3 /var/www/hosts/gigadb.cogini.com/yii/framework/web/CController.php(287): ApiController->runAction()
#4 /var/www/hosts/gigadb.cogini.com/yii/framework/web/CController.php(266): ApiController->runActionWithFilters()
#5 /var/www/hosts/gigadb.cogini.com/yii/framework/web/CWebApplication.php(276): ApiController->run()
#6 /var/www/hosts/gigadb.cogini.com/yii/framework/web/CWebApplication.php(135): CWebApplication->runController()
#7 /var/www/hosts/gigadb.cogini.com/yii/framework/base/CApplication.php(162): CWebApplication->processRequest()
#8 /var/www/hosts/gigadb.cogini.com/htdocs/index.php(15): CWebApplication->run()
REQUEST_URI=/api/keyword/Homo
in /var/www/hosts/gigadb.cogini.com/htdocs/protected/models/SphinxClient.php (825)
in /var/www/hosts/gigadb.cogini.com/htdocs/protected/models/Dataset.php (192)
in /var/www/hosts/gigadb.cogini.com/htdocs/protected/controllers/ApiController.php (173)
2014/03/13 22:32:59 [error] [php] assert(): Assertion failed (/var/www/hosts/gigadb.cogini.com/htdocs/protected/models/SphinxClient.php:825)
Stack trace:
#0 /var/www/hosts/gigadb.cogini.com/htdocs/protected/controllers/ApiController.php(174): sphinxSearch()
#1 /var/www/hosts/gigadb.cogini.com/yii/framework/web/actions/CInlineAction.php(50): ApiController->actionKeyword()
#2 /var/www/hosts/gigadb.cogini.com/yii/framework/web/CController.php(309): CInlineAction->runWithParams()
#3 /var/www/hosts/gigadb.cogini.com/yii/framework/web/CController.php(287): ApiController->runAction()
#4 /var/www/hosts/gigadb.cogini.com/yii/framework/web/CController.php(266): ApiController->runActionWithFilters()
#5 /var/www/hosts/gigadb.cogini.com/yii/framework/web/CWebApplication.php(276): ApiController->run()
#6 /var/www/hosts/gigadb.cogini.com/yii/framework/web/CWebApplication.php(135): CWebApplication->runController()
#7 /var/www/hosts/gigadb.cogini.com/yii/framework/base/CApplication.php(162): CWebApplication->processRequest()
#8 /var/www/hosts/gigadb.cogini.com/htdocs/index.php(15): CWebApplication->run()
REQUEST_URI=/api/keyword/Homo
in /var/www/hosts/gigadb.cogini.com/htdocs/protected/models/SphinxClient.php (825)
in /var/www/hosts/gigadb.cogini.com/htdocs/protected/models/Dataset.php (192)
in /var/www/hosts/gigadb.cogini.com/htdocs/protected/controllers/ApiController.php (174)
2014/03/13 22:33:01 [error] [php] assert(): Assertion failed (/var/www/hosts/gigadb.cogini.com/htdocs/protected/models/SphinxClient.php:825)
Stack trace:
#0 /var/www/hosts/gigadb.cogini.com/htdocs/protected/controllers/ApiController.php(174): sphinxSearch()
#1 /var/www/hosts/gigadb.cogini.com/yii/framework/web/actions/CInlineAction.php(50): ApiController->actionKeyword()
#2 /var/www/hosts/gigadb.cogini.com/yii/framework/web/CController.php(309): CInlineAction->runWithParams()
#3 /var/www/hosts/gigadb.cogini.com/yii/framework/web/CController.php(287): ApiController->runAction()
#4 /var/www/hosts/gigadb.cogini.com/yii/framework/web/CController.php(266): ApiController->runActionWithFilters()
#5 /var/www/hosts/gigadb.cogini.com/yii/framework/web/CWebApplication.php(276): ApiController->run()
#6 /var/www/hosts/gigadb.cogini.com/yii/framework/web/CWebApplication.php(135): CWebApplication->runController()
#7 /var/www/hosts/gigadb.cogini.com/yii/framework/base/CApplication.php(162): CWebApplication->processRequest()
#8 /var/www/hosts/gigadb.cogini.com/htdocs/index.php(15): CWebApplication->run()
REQUEST_URI=/api/keyword/Homo
in /var/www/hosts/gigadb.cogini.com/htdocs/protected/models/SphinxClient.php (825)
in /var/www/hosts/gigadb.cogini.com/htdocs/protected/models/Dataset.php (192)
in /var/www/hosts/gigadb.cogini.com/htdocs/protected/controllers/ApiController.php (174)
2014/03/13 22:33:51 [error] [php] assert(): Assertion failed (/var/www/hosts/gigadb.cogini.com/htdocs/protected/models/SphinxClient.php:825)
Stack trace:
#0 /var/www/hosts/gigadb.cogini.com/htdocs/protected/controllers/ApiController.php(174): sphinxSearch()
#1 /var/www/hosts/gigadb.cogini.com/yii/framework/web/actions/CInlineAction.php(50): ApiController->actionKeyword()
#2 /var/www/hosts/gigadb.cogini.com/yii/framework/web/CController.php(309): CInlineAction->runWithParams()
#3 /var/www/hosts/gigadb.cogini.com/yii/framework/web/CController.php(287): ApiController->runAction()
#4 /var/www/hosts/gigadb.cogini.com/yii/framework/web/CController.php(266): ApiController->runActionWithFilters()
#5 /var/www/hosts/gigadb.cogini.com/yii/framework/web/CWebApplication.php(276): ApiController->run()
#6 /var/www/hosts/gigadb.cogini.com/yii/framework/web/CWebApplication.php(135): CWebApplication->runController()
#7 /var/www/hosts/gigadb.cogini.com/yii/framework/base/CApplication.php(162): CWebApplication->processRequest()
#8 /var/www/hosts/gigadb.cogini.com/htdocs/index.php(15): CWebApplication->run()
REQUEST_URI=/api/keyword/Homo
in /var/www/hosts/gigadb.cogini.com/htdocs/protected/models/SphinxClient.php (825)
in /var/www/hosts/gigadb.cogini.com/htdocs/protected/models/Dataset.php (192)
in /var/www/hosts/gigadb.cogini.com/htdocs/protected/controllers/ApiController.php (174)
2014/03/13 22:34:48 [error] [php] assert(): Assertion failed (/var/www/hosts/gigadb.cogini.com/htdocs/protected/models/SphinxClient.php:825)
Stack trace:
#0 /var/www/hosts/gigadb.cogini.com/htdocs/protected/controllers/ApiController.php(174): sphinxSearch()
#1 /var/www/hosts/gigadb.cogini.com/yii/framework/web/actions/CInlineAction.php(50): ApiController->actionKeyword()
#2 /var/www/hosts/gigadb.cogini.com/yii/framework/web/CController.php(309): CInlineAction->runWithParams()
#3 /var/www/hosts/gigadb.cogini.com/yii/framework/web/CController.php(287): ApiController->runAction()
#4 /var/www/hosts/gigadb.cogini.com/yii/framework/web/CController.php(266): ApiController->runActionWithFilters()
#5 /var/www/hosts/gigadb.cogini.com/yii/framework/web/CWebApplication.php(276): ApiController->run()
#6 /var/www/hosts/gigadb.cogini.com/yii/framework/web/CWebApplication.php(135): CWebApplication->runController()
#7 /var/www/hosts/gigadb.cogini.com/yii/framework/base/CApplication.php(162): CWebApplication->processRequest()
#8 /var/www/hosts/gigadb.cogini.com/htdocs/index.php(15): CWebApplication->run()
REQUEST_URI=/api/keyword/Homo
in /var/www/hosts/gigadb.cogini.com/htdocs/protected/models/SphinxClient.php (825)
in /var/www/hosts/gigadb.cogini.com/htdocs/protected/models/Dataset.php (192)
in /var/www/hosts/gigadb.cogini.com/htdocs/protected/controllers/ApiController.php (174)
2014/03/13 22:34:56 [error] [php] assert(): Assertion failed (/var/www/hosts/gigadb.cogini.com/htdocs/protected/models/SphinxClient.php:825)
Stack trace:
#0 /var/www/hosts/gigadb.cogini.com/htdocs/protected/controllers/ApiController.php(174): sphinxSearch()
#1 /var/www/hosts/gigadb.cogini.com/yii/framework/web/actions/CInlineAction.php(50): ApiController->actionKeyword()
#2 /var/www/hosts/gigadb.cogini.com/yii/framework/web/CController.php(309): CInlineAction->runWithParams()
#3 /var/www/hosts/gigadb.cogini.com/yii/framework/web/CController.php(287): ApiController->runAction()
#4 /var/www/hosts/gigadb.cogini.com/yii/framework/web/CController.php(266): ApiController->runActionWithFilters()
#5 /var/www/hosts/gigadb.cogini.com/yii/framework/web/CWebApplication.php(276): ApiController->run()
#6 /var/www/hosts/gigadb.cogini.com/yii/framework/web/CWebApplication.php(135): CWebApplication->runController()
#7 /var/www/hosts/gigadb.cogini.com/yii/framework/base/CApplication.php(162): CWebApplication->processRequest()
#8 /var/www/hosts/gigadb.cogini.com/htdocs/index.php(15): CWebApplication->run()
REQUEST_URI=/api/keyword/Homo
in /var/www/hosts/gigadb.cogini.com/htdocs/protected/models/SphinxClient.php (825)
in /var/www/hosts/gigadb.cogini.com/htdocs/protected/models/Dataset.php (192)
in /var/www/hosts/gigadb.cogini.com/htdocs/protected/controllers/ApiController.php (174)
2014/03/13 22:35:44 [error] [exception.CHttpException.404] exception 'CHttpException' with message 'The system is unable to find the requested action "keyword=Homo".' in /var/www/hosts/gigadb.cogini.com/yii/framework/web/CController.php:484
Stack trace:
#0 /var/www/hosts/gigadb.cogini.com/yii/framework/web/CController.php(271): CController->missingAction('keyword=Homo')
#1 /var/www/hosts/gigadb.cogini.com/yii/framework/web/CWebApplication.php(276): CController->run('keyword=Homo')
#2 /var/www/hosts/gigadb.cogini.com/yii/framework/web/CWebApplication.php(135): CWebApplication->runController('search/keyword=...')
#3 /var/www/hosts/gigadb.cogini.com/yii/framework/base/CApplication.php(162): CWebApplication->processRequest()
#4 /var/www/hosts/gigadb.cogini.com/htdocs/index.php(15): CApplication->run()
#5 {main}
REQUEST_URI=/search/keyword=Homo
---
2014/03/13 22:36:44 [error] [php] assert(): Assertion failed (/var/www/hosts/gigadb.cogini.com/htdocs/protected/models/SphinxClient.php:825)
Stack trace:
#0 /var/www/hosts/gigadb.cogini.com/htdocs/protected/controllers/ApiController.php(174): sphinxSearch()
#1 /var/www/hosts/gigadb.cogini.com/yii/framework/web/actions/CInlineAction.php(50): ApiController->actionKeyword()
#2 /var/www/hosts/gigadb.cogini.com/yii/framework/web/CController.php(309): CInlineAction->runWithParams()
#3 /var/www/hosts/gigadb.cogini.com/yii/framework/web/CController.php(287): ApiController->runAction()
#4 /var/www/hosts/gigadb.cogini.com/yii/framework/web/CController.php(266): ApiController->runActionWithFilters()
#5 /var/www/hosts/gigadb.cogini.com/yii/framework/web/CWebApplication.php(276): ApiController->run()
#6 /var/www/hosts/gigadb.cogini.com/yii/framework/web/CWebApplication.php(135): CWebApplication->runController()
#7 /var/www/hosts/gigadb.cogini.com/yii/framework/base/CApplication.php(162): CWebApplication->processRequest()
#8 /var/www/hosts/gigadb.cogini.com/htdocs/index.php(15): CWebApplication->run()
REQUEST_URI=/api/keyword/Homo
in /var/www/hosts/gigadb.cogini.com/htdocs/protected/models/SphinxClient.php (825)
in /var/www/hosts/gigadb.cogini.com/htdocs/protected/models/Dataset.php (192)
in /var/www/hosts/gigadb.cogini.com/htdocs/protected/controllers/ApiController.php (174)
2014/03/13 22:36:45 [error] [php] assert(): Assertion failed (/var/www/hosts/gigadb.cogini.com/htdocs/protected/models/SphinxClient.php:825)
Stack trace:
#0 /var/www/hosts/gigadb.cogini.com/htdocs/protected/controllers/ApiController.php(174): sphinxSearch()
#1 /var/www/hosts/gigadb.cogini.com/yii/framework/web/actions/CInlineAction.php(50): ApiController->actionKeyword()
#2 /var/www/hosts/gigadb.cogini.com/yii/framework/web/CController.php(309): CInlineAction->runWithParams()
#3 /var/www/hosts/gigadb.cogini.com/yii/framework/web/CController.php(287): ApiController->runAction()
#4 /var/www/hosts/gigadb.cogini.com/yii/framework/web/CController.php(266): ApiController->runActionWithFilters()
#5 /var/www/hosts/gigadb.cogini.com/yii/framework/web/CWebApplication.php(276): ApiController->run()
#6 /var/www/hosts/gigadb.cogini.com/yii/framework/web/CWebApplication.php(135): CWebApplication->runController()
#7 /var/www/hosts/gigadb.cogini.com/yii/framework/base/CApplication.php(162): CWebApplication->processRequest()
#8 /var/www/hosts/gigadb.cogini.com/htdocs/index.php(15): CWebApplication->run()
REQUEST_URI=/api/keyword/Homo
in /var/www/hosts/gigadb.cogini.com/htdocs/protected/models/SphinxClient.php (825)
in /var/www/hosts/gigadb.cogini.com/htdocs/protected/models/Dataset.php (192)
in /var/www/hosts/gigadb.cogini.com/htdocs/protected/controllers/ApiController.php (174)
2014/03/13 08:00:35 [error] [php] Undefined index: dataset_result (/var/www/hosts/gigadb.cogini.com/htdocs/protected/controllers/ApiController.php:177)
Stack trace:
#0 /var/www/hosts/gigadb.cogini.com/yii/framework/web/CController.php(287): ApiController->runAction()
#1 /var/www/hosts/gigadb.cogini.com/yii/framework/web/CController.php(266): ApiController->runActionWithFilters()
#2 /var/www/hosts/gigadb.cogini.com/yii/framework/web/CWebApplication.php(276): ApiController->run()
#3 /var/www/hosts/gigadb.cogini.com/yii/framework/web/CWebApplication.php(135): CWebApplication->runController()
#4 /var/www/hosts/gigadb.cogini.com/yii/framework/base/CApplication.php(162): CWebApplication->processRequest()
#5 /var/www/hosts/gigadb.cogini.com/htdocs/index.php(15): CWebApplication->run()
REQUEST_URI=/api/keyword/Pan
in /var/www/hosts/gigadb.cogini.com/htdocs/protected/controllers/ApiController.php (177)
in /var/www/hosts/gigadb.cogini.com/htdocs/index.php (15)
2014/03/13 08:01:59 [error] [php] Undefined index: dataset_result (/var/www/hosts/gigadb.cogini.com/htdocs/protected/controllers/ApiController.php:177)
Stack trace:
#0 /var/www/hosts/gigadb.cogini.com/yii/framework/web/CController.php(287): ApiController->runAction()
#1 /var/www/hosts/gigadb.cogini.com/yii/framework/web/CController.php(266): ApiController->runActionWithFilters()
#2 /var/www/hosts/gigadb.cogini.com/yii/framework/web/CWebApplication.php(276): ApiController->run()
#3 /var/www/hosts/gigadb.cogini.com/yii/framework/web/CWebApplication.php(135): CWebApplication->runController()
#4 /var/www/hosts/gigadb.cogini.com/yii/framework/base/CApplication.php(162): CWebApplication->processRequest()
#5 /var/www/hosts/gigadb.cogini.com/htdocs/index.php(15): CWebApplication->run()
REQUEST_URI=/api/keyword/Pan
in /var/www/hosts/gigadb.cogini.com/htdocs/protected/controllers/ApiController.php (177)
in /var/www/hosts/gigadb.cogini.com/htdocs/index.php (15)
2014/03/13 08:04:39 [error] [php] Undefined index: dataset_result (/var/www/hosts/gigadb.cogini.com/htdocs/protected/controllers/ApiController.php:177)
Stack trace:
#0 /var/www/hosts/gigadb.cogini.com/yii/framework/web/CController.php(287): ApiController->runAction()
#1 /var/www/hosts/gigadb.cogini.com/yii/framework/web/CController.php(266): ApiController->runActionWithFilters()
#2 /var/www/hosts/gigadb.cogini.com/yii/framework/web/CWebApplication.php(276): ApiController->run()
#3 /var/www/hosts/gigadb.cogini.com/yii/framework/web/CWebApplication.php(135): CWebApplication->runController()
#4 /var/www/hosts/gigadb.cogini.com/yii/framework/base/CApplication.php(162): CWebApplication->processRequest()
#5 /var/www/hosts/gigadb.cogini.com/htdocs/index.php(15): CWebApplication->run()
REQUEST_URI=/api/keyword/Pan
in /var/www/hosts/gigadb.cogini.com/htdocs/protected/controllers/ApiController.php (177)
in /var/www/hosts/gigadb.cogini.com/htdocs/index.php (15)
2014/03/13 08:04:43 [error] [php] Undefined index: dataset_result (/var/www/hosts/gigadb.cogini.com/htdocs/protected/controllers/ApiController.php:177)
Stack trace:
#0 /var/www/hosts/gigadb.cogini.com/yii/framework/web/CController.php(287): ApiController->runAction()
#1 /var/www/hosts/gigadb.cogini.com/yii/framework/web/CController.php(266): ApiController->runActionWithFilters()
#2 /var/www/hosts/gigadb.cogini.com/yii/framework/web/CWebApplication.php(276): ApiController->run()
#3 /var/www/hosts/gigadb.cogini.com/yii/framework/web/CWebApplication.php(135): CWebApplication->runController()
#4 /var/www/hosts/gigadb.cogini.com/yii/framework/base/CApplication.php(162): CWebApplication->processRequest()
#5 /var/www/hosts/gigadb.cogini.com/htdocs/index.php(15): CWebApplication->run()
REQUEST_URI=/api/keyword/Pan
in /var/www/hosts/gigadb.cogini.com/htdocs/protected/controllers/ApiController.php (177)
in /var/www/hosts/gigadb.cogini.com/htdocs/index.php (15)
2014/03/13 08:04:48 [error] [php] Undefined index: dataset_result (/var/www/hosts/gigadb.cogini.com/htdocs/protected/controllers/ApiController.php:177)
Stack trace:
#0 /var/www/hosts/gigadb.cogini.com/yii/framework/web/CController.php(287): ApiController->runAction()
#1 /var/www/hosts/gigadb.cogini.com/yii/framework/web/CController.php(266): ApiController->runActionWithFilters()
#2 /var/www/hosts/gigadb.cogini.com/yii/framework/web/CWebApplication.php(276): ApiController->run()
#3 /var/www/hosts/gigadb.cogini.com/yii/framework/web/CWebApplication.php(135): CWebApplication->runController()
#4 /var/www/hosts/gigadb.cogini.com/yii/framework/base/CApplication.php(162): CWebApplication->processRequest()
#5 /var/www/hosts/gigadb.cogini.com/htdocs/index.php(15): CWebApplication->run()
REQUEST_URI=/api/keyword/Pan
in /var/www/hosts/gigadb.cogini.com/htdocs/protected/controllers/ApiController.php (177)
in /var/www/hosts/gigadb.cogini.com/htdocs/index.php (15)
2014/03/13 08:05:04 [error] [php] Undefined index: dataset_result (/var/www/hosts/gigadb.cogini.com/htdocs/protected/controllers/ApiController.php:177)
Stack trace:
#0 /var/www/hosts/gigadb.cogini.com/yii/framework/web/CController.php(287): ApiController->runAction()
#1 /var/www/hosts/gigadb.cogini.com/yii/framework/web/CController.php(266): ApiController->runActionWithFilters()
#2 /var/www/hosts/gigadb.cogini.com/yii/framework/web/CWebApplication.php(276): ApiController->run()
#3 /var/www/hosts/gigadb.cogini.com/yii/framework/web/CWebApplication.php(135): CWebApplication->runController()
#4 /var/www/hosts/gigadb.cogini.com/yii/framework/base/CApplication.php(162): CWebApplication->processRequest()
#5 /var/www/hosts/gigadb.cogini.com/htdocs/index.php(15): CWebApplication->run()
REQUEST_URI=/api/keyword/Pan
in /var/www/hosts/gigadb.cogini.com/htdocs/protected/controllers/ApiController.php (177)
in /var/www/hosts/gigadb.cogini.com/htdocs/index.php (15)
2014/03/13 08:05:32 [error] [php] Undefined index: dataset_result (/var/www/hosts/gigadb.cogini.com/htdocs/protected/controllers/ApiController.php:177)
Stack trace:
#0 /var/www/hosts/gigadb.cogini.com/yii/framework/web/CController.php(287): ApiController->runAction()
#1 /var/www/hosts/gigadb.cogini.com/yii/framework/web/CController.php(266): ApiController->runActionWithFilters()
#2 /var/www/hosts/gigadb.cogini.com/yii/framework/web/CWebApplication.php(276): ApiController->run()
#3 /var/www/hosts/gigadb.cogini.com/yii/framework/web/CWebApplication.php(135): CWebApplication->runController()
#4 /var/www/hosts/gigadb.cogini.com/yii/framework/base/CApplication.php(162): CWebApplication->processRequest()
#5 /var/www/hosts/gigadb.cogini.com/htdocs/index.php(15): CWebApplication->run()
REQUEST_URI=/api/keyword/Pan
in /var/www/hosts/gigadb.cogini.com/htdocs/protected/controllers/ApiController.php (177)
in /var/www/hosts/gigadb.cogini.com/htdocs/index.php (15)
2014/03/13 08:06:29 [error] [php] Undefined index: dataset_result (/var/www/hosts/gigadb.cogini.com/htdocs/protected/controllers/ApiController.php:177)
Stack trace:
#0 /var/www/hosts/gigadb.cogini.com/yii/framework/web/CController.php(287): ApiController->runAction()
#1 /var/www/hosts/gigadb.cogini.com/yii/framework/web/CController.php(266): ApiController->runActionWithFilters()
#2 /var/www/hosts/gigadb.cogini.com/yii/framework/web/CWebApplication.php(276): ApiController->run()
#3 /var/www/hosts/gigadb.cogini.com/yii/framework/web/CWebApplication.php(135): CWebApplication->runController()
#4 /var/www/hosts/gigadb.cogini.com/yii/framework/base/CApplication.php(162): CWebApplication->processRequest()
#5 /var/www/hosts/gigadb.cogini.com/htdocs/index.php(15): CWebApplication->run()
REQUEST_URI=/api/keyword/Pan
in /var/www/hosts/gigadb.cogini.com/htdocs/protected/controllers/ApiController.php (177)
in /var/www/hosts/gigadb.cogini.com/htdocs/index.php (15)
2014/03/13 08:06:30 [error] [php] Undefined index: dataset_result (/var/www/hosts/gigadb.cogini.com/htdocs/protected/controllers/ApiController.php:177)
Stack trace:
#0 /var/www/hosts/gigadb.cogini.com/yii/framework/web/CController.php(287): ApiController->runAction()
#1 /var/www/hosts/gigadb.cogini.com/yii/framework/web/CController.php(266): ApiController->runActionWithFilters()
#2 /var/www/hosts/gigadb.cogini.com/yii/framework/web/CWebApplication.php(276): ApiController->run()
#3 /var/www/hosts/gigadb.cogini.com/yii/framework/web/CWebApplication.php(135): CWebApplication->runController()
#4 /var/www/hosts/gigadb.cogini.com/yii/framework/base/CApplication.php(162): CWebApplication->processRequest()
#5 /var/www/hosts/gigadb.cogini.com/htdocs/index.php(15): CWebApplication->run()
REQUEST_URI=/api/keyword/Pan
in /var/www/hosts/gigadb.cogini.com/htdocs/protected/controllers/ApiController.php (177)
in /var/www/hosts/gigadb.cogini.com/htdocs/index.php (15)
2014/03/13 09:35:37 [error] [php] Use of undefined constant dataset_result - assumed 'dataset_result' (/var/www/hosts/gigadb.cogini.com/htdocs/protected/controllers/ApiController.php:192)
Stack trace:
#0 /var/www/hosts/gigadb.cogini.com/yii/framework/web/CController.php(287): ApiController->runAction()
#1 /var/www/hosts/gigadb.cogini.com/yii/framework/web/CController.php(266): ApiController->runActionWithFilters()
#2 /var/www/hosts/gigadb.cogini.com/yii/framework/web/CWebApplication.php(276): ApiController->run()
#3 /var/www/hosts/gigadb.cogini.com/yii/framework/web/CWebApplication.php(135): CWebApplication->runController()
#4 /var/www/hosts/gigadb.cogini.com/yii/framework/base/CApplication.php(162): CWebApplication->processRequest()
#5 /var/www/hosts/gigadb.cogini.com/htdocs/index.php(15): CWebApplication->run()
REQUEST_URI=/api/keyword/pan
in /var/www/hosts/gigadb.cogini.com/htdocs/protected/controllers/ApiController.php (192)
in /var/www/hosts/gigadb.cogini.com/htdocs/index.php (15)
2014/03/13 09:49:35 [error] [php] Trying to get property of non-object (/var/www/hosts/gigadb.cogini.com/htdocs/protected/views/api/view_datasets_test.php:9)
Stack trace:
#0 /var/www/hosts/gigadb.cogini.com/yii/framework/web/CController.php(870): ApiController->renderFile()
#1 /var/www/hosts/gigadb.cogini.com/htdocs/protected/controllers/ApiController.php(192): ApiController->renderPartial()
#2 /var/www/hosts/gigadb.cogini.com/yii/framework/web/actions/CInlineAction.php(50): ApiController->actionKeyword()
#3 /var/www/hosts/gigadb.cogini.com/yii/framework/web/CController.php(309): CInlineAction->runWithParams()
#4 /var/www/hosts/gigadb.cogini.com/yii/framework/web/CController.php(287): ApiController->runAction()
#5 /var/www/hosts/gigadb.cogini.com/yii/framework/web/CController.php(266): ApiController->runActionWithFilters()
#6 /var/www/hosts/gigadb.cogini.com/yii/framework/web/CWebApplication.php(276): ApiController->run()
#7 /var/www/hosts/gigadb.cogini.com/yii/framework/web/CWebApplication.php(135): CWebApplication->runController()
#8 /var/www/hosts/gigadb.cogini.com/yii/framework/base/CApplication.php(162): CWebApplication->processRequest()
#9 /var/www/hosts/gigadb.cogini.com/htdocs/index.php(15): CWebApplication->run()
REQUEST_URI=/api/keyword/pan
in /var/www/hosts/gigadb.cogini.com/htdocs/protected/views/api/view_datasets_test.php (9)
in /var/www/hosts/gigadb.cogini.com/htdocs/protected/controllers/ApiController.php (192)
in /var/www/hosts/gigadb.cogini.com/htdocs/index.php (15)
2014/03/13 09:50:17 [error] [php] Trying to get property of non-object (/var/www/hosts/gigadb.cogini.com/htdocs/protected/views/api/view_datasets_test.php:9)
Stack trace:
#0 /var/www/hosts/gigadb.cogini.com/yii/framework/web/CController.php(870): ApiController->renderFile()
#1 /var/www/hosts/gigadb.cogini.com/htdocs/protected/controllers/ApiController.php(192): ApiController->renderPartial()
#2 /var/www/hosts/gigadb.cogini.com/yii/framework/web/actions/CInlineAction.php(50): ApiController->actionKeyword()
#3 /var/www/hosts/gigadb.cogini.com/yii/framework/web/CController.php(309): CInlineAction->runWithParams()
#4 /var/www/hosts/gigadb.cogini.com/yii/framework/web/CController.php(287): ApiController->runAction()
#5 /var/www/hosts/gigadb.cogini.com/yii/framework/web/CController.php(266): ApiController->runActionWithFilters()
#6 /var/www/hosts/gigadb.cogini.com/yii/framework/web/CWebApplication.php(276): ApiController->run()
#7 /var/www/hosts/gigadb.cogini.com/yii/framework/web/CWebApplication.php(135): CWebApplication->runController()
#8 /var/www/hosts/gigadb.cogini.com/yii/framework/base/CApplication.php(162): CWebApplication->processRequest()
#9 /var/www/hosts/gigadb.cogini.com/htdocs/index.php(15): CWebApplication->run()
REQUEST_URI=/api/keyword/pan
in /var/www/hosts/gigadb.cogini.com/htdocs/protected/views/api/view_datasets_test.php (9)
in /var/www/hosts/gigadb.cogini.com/htdocs/protected/controllers/ApiController.php (192)
in /var/www/hosts/gigadb.cogini.com/htdocs/index.php (15)
2014/03/13 09:50:18 [error] [php] Trying to get property of non-object (/var/www/hosts/gigadb.cogini.com/htdocs/protected/views/api/view_datasets_test.php:9)
Stack trace:
#0 /var/www/hosts/gigadb.cogini.com/yii/framework/web/CController.php(870): ApiController->renderFile()
#1 /var/www/hosts/gigadb.cogini.com/htdocs/protected/controllers/ApiController.php(192): ApiController->renderPartial()
#2 /var/www/hosts/gigadb.cogini.com/yii/framework/web/actions/CInlineAction.php(50): ApiController->actionKeyword()
#3 /var/www/hosts/gigadb.cogini.com/yii/framework/web/CController.php(309): CInlineAction->runWithParams()
#4 /var/www/hosts/gigadb.cogini.com/yii/framework/web/CController.php(287): ApiController->runAction()
#5 /var/www/hosts/gigadb.cogini.com/yii/framework/web/CController.php(266): ApiController->runActionWithFilters()
#6 /var/www/hosts/gigadb.cogini.com/yii/framework/web/CWebApplication.php(276): ApiController->run()
#7 /var/www/hosts/gigadb.cogini.com/yii/framework/web/CWebApplication.php(135): CWebApplication->runController()
#8 /var/www/hosts/gigadb.cogini.com/yii/framework/base/CApplication.php(162): CWebApplication->processRequest()
#9 /var/www/hosts/gigadb.cogini.com/htdocs/index.php(15): CWebApplication->run()
REQUEST_URI=/api/keyword/pan
in /var/www/hosts/gigadb.cogini.com/htdocs/protected/views/api/view_datasets_test.php (9)
in /var/www/hosts/gigadb.cogini.com/htdocs/protected/controllers/ApiController.php (192)
in /var/www/hosts/gigadb.cogini.com/htdocs/index.php (15)
2014/03/13 09:50:19 [error] [php] Trying to get property of non-object (/var/www/hosts/gigadb.cogini.com/htdocs/protected/views/api/view_datasets_test.php:9)
Stack trace:
#0 /var/www/hosts/gigadb.cogini.com/yii/framework/web/CController.php(870): ApiController->renderFile()
#1 /var/www/hosts/gigadb.cogini.com/htdocs/protected/controllers/ApiController.php(192): ApiController->renderPartial()
#2 /var/www/hosts/gigadb.cogini.com/yii/framework/web/actions/CInlineAction.php(50): ApiController->actionKeyword()
#3 /var/www/hosts/gigadb.cogini.com/yii/framework/web/CController.php(309): CInlineAction->runWithParams()
#4 /var/www/hosts/gigadb.cogini.com/yii/framework/web/CController.php(287): ApiController->runAction()
#5 /var/www/hosts/gigadb.cogini.com/yii/framework/web/CController.php(266): ApiController->runActionWithFilters()
#6 /var/www/hosts/gigadb.cogini.com/yii/framework/web/CWebApplication.php(276): ApiController->run()
#7 /var/www/hosts/gigadb.cogini.com/yii/framework/web/CWebApplication.php(135): CWebApplication->runController()
#8 /var/www/hosts/gigadb.cogini.com/yii/framework/base/CApplication.php(162): CWebApplication->processRequest()
#9 /var/www/hosts/gigadb.cogini.com/htdocs/index.php(15): CWebApplication->run()
REQUEST_URI=/api/keyword/pan
in /var/www/hosts/gigadb.cogini.com/htdocs/protected/views/api/view_datasets_test.php (9)
in /var/www/hosts/gigadb.cogini.com/htdocs/protected/controllers/ApiController.php (192)
in /var/www/hosts/gigadb.cogini.com/htdocs/index.php (15)
2014/03/13 09:50:19 [error] [php] Trying to get property of non-object (/var/www/hosts/gigadb.cogini.com/htdocs/protected/views/api/view_datasets_test.php:9)
Stack trace:
#0 /var/www/hosts/gigadb.cogini.com/yii/framework/web/CController.php(870): ApiController->renderFile()
#1 /var/www/hosts/gigadb.cogini.com/htdocs/protected/controllers/ApiController.php(192): ApiController->renderPartial()
#2 /var/www/hosts/gigadb.cogini.com/yii/framework/web/actions/CInlineAction.php(50): ApiController->actionKeyword()
#3 /var/www/hosts/gigadb.cogini.com/yii/framework/web/CController.php(309): CInlineAction->runWithParams()
#4 /var/www/hosts/gigadb.cogini.com/yii/framework/web/CController.php(287): ApiController->runAction()
#5 /var/www/hosts/gigadb.cogini.com/yii/framework/web/CController.php(266): ApiController->runActionWithFilters()
#6 /var/www/hosts/gigadb.cogini.com/yii/framework/web/CWebApplication.php(276): ApiController->run()
#7 /var/www/hosts/gigadb.cogini.com/yii/framework/web/CWebApplication.php(135): CWebApplication->runController()
#8 /var/www/hosts/gigadb.cogini.com/yii/framework/base/CApplication.php(162): CWebApplication->processRequest()
#9 /var/www/hosts/gigadb.cogini.com/htdocs/index.php(15): CWebApplication->run()
REQUEST_URI=/api/keyword/pan
in /var/www/hosts/gigadb.cogini.com/htdocs/protected/views/api/view_datasets_test.php (9)
in /var/www/hosts/gigadb.cogini.com/htdocs/protected/controllers/ApiController.php (192)
in /var/www/hosts/gigadb.cogini.com/htdocs/index.php (15)
2014/03/13 10:09:08 [error] [php] Cannot modify header information - headers already sent by (output started at /var/www/hosts/gigadb.cogini.com/htdocs/protected/controllers/ApiController.php:180) (/var/www/hosts/gigadb.cogini.com/htdocs/protected/views/api/view_datasets_test.php:1)
Stack trace:
#0 /var/www/hosts/gigadb.cogini.com/yii/framework/web/CBaseController.php(96): ApiController->renderInternal()
#1 /var/www/hosts/gigadb.cogini.com/yii/framework/web/CController.php(870): ApiController->renderFile()
#2 /var/www/hosts/gigadb.cogini.com/htdocs/protected/controllers/ApiController.php(195): ApiController->renderPartial()
#3 /var/www/hosts/gigadb.cogini.com/yii/framework/web/actions/CInlineAction.php(50): ApiController->actionKeyword()
#4 /var/www/hosts/gigadb.cogini.com/yii/framework/web/CController.php(309): CInlineAction->runWithParams()
#5 /var/www/hosts/gigadb.cogini.com/yii/framework/web/CController.php(287): ApiController->runAction()
#6 /var/www/hosts/gigadb.cogini.com/yii/framework/web/CController.php(266): ApiController->runActionWithFilters()
#7 /var/www/hosts/gigadb.cogini.com/yii/framework/web/CWebApplication.php(276): ApiController->run()
#8 /var/www/hosts/gigadb.cogini.com/yii/framework/web/CWebApplication.php(135): CWebApplication->runController()
#9 /var/www/hosts/gigadb.cogini.com/yii/framework/base/CApplication.php(162): CWebApplication->processRequest()
#10 /var/www/hosts/gigadb.cogini.com/htdocs/index.php(15): CWebApplication->run()
REQUEST_URI=/api/keyword/pan
in /var/www/hosts/gigadb.cogini.com/htdocs/protected/views/api/view_datasets_test.php (1)
in /var/www/hosts/gigadb.cogini.com/htdocs/protected/controllers/ApiController.php (195)
in /var/www/hosts/gigadb.cogini.com/htdocs/index.php (15)
2014/03/14 01:13:43 [error] [php] include(SearchController.php): failed to open stream: No such file or directory (/var/www/hosts/gigadb.cogini.com/yii/framework/YiiBase.php:418)
Stack trace:
#0 /var/www/hosts/gigadb.cogini.com/htdocs/protected/controllers/ApiController.php(174): spl_autoload_call()
#1 /var/www/hosts/gigadb.cogini.com/yii/framework/web/actions/CInlineAction.php(50): ApiController->actionKeyword()
#2 /var/www/hosts/gigadb.cogini.com/yii/framework/web/CController.php(309): CInlineAction->runWithParams()
#3 /var/www/hosts/gigadb.cogini.com/yii/framework/web/CController.php(287): ApiController->runAction()
#4 /var/www/hosts/gigadb.cogini.com/yii/framework/web/CController.php(266): ApiController->runActionWithFilters()
#5 /var/www/hosts/gigadb.cogini.com/yii/framework/web/CWebApplication.php(276): ApiController->run()
#6 /var/www/hosts/gigadb.cogini.com/yii/framework/web/CWebApplication.php(135): CWebApplication->runController()
#7 /var/www/hosts/gigadb.cogini.com/yii/framework/base/CApplication.php(162): CWebApplication->processRequest()
#8 /var/www/hosts/gigadb.cogini.com/htdocs/index.php(15): CWebApplication->run()
REQUEST_URI=/api/keyword/pan
in /var/www/hosts/gigadb.cogini.com/htdocs/protected/controllers/ApiController.php (174)
in /var/www/hosts/gigadb.cogini.com/htdocs/index.php (15)
2014/03/14 01:17:00 [error] [exception.CException] exception 'CException' with message 'ApiController and its behaviors do not have a method or closure named "searchDataset".' in /var/www/hosts/gigadb.cogini.com/yii/framework/base/CComponent.php:266
Stack trace:
#0 /var/www/hosts/gigadb.cogini.com/htdocs/protected/controllers/ApiController.php(187): CComponent->__call('searchDataset', Array)
#1 /var/www/hosts/gigadb.cogini.com/htdocs/protected/controllers/ApiController.php(187): ApiController->searchDataset(Array)
#2 /var/www/hosts/gigadb.cogini.com/htdocs/protected/controllers/ApiController.php(174): ApiController->getFullDatasetResultByKeyword('pan')
#3 /var/www/hosts/gigadb.cogini.com/yii/framework/web/actions/CInlineAction.php(50): ApiController->actionKeyword()
#4 /var/www/hosts/gigadb.cogini.com/yii/framework/web/CController.php(309): CInlineAction->runWithParams(Array)
#5 /var/www/hosts/gigadb.cogini.com/yii/framework/web/CController.php(287): CController->runAction(Object(CInlineAction))
#6 /var/www/hosts/gigadb.cogini.com/yii/framework/web/CController.php(266): CController->runActionWithFilters(Object(CInlineAction), Array)
#7 /var/www/hosts/gigadb.cogini.com/yii/framework/web/CWebApplication.php(276): CController->run('keyword')
#8 /var/www/hosts/gigadb.cogini.com/yii/framework/web/CWebApplication.php(135): CWebApplication->runController('api/keyword')
#9 /var/www/hosts/gigadb.cogini.com/yii/framework/base/CApplication.php(162): CWebApplication->processRequest()
#10 /var/www/hosts/gigadb.cogini.com/htdocs/index.php(15): CApplication->run()
#11 {main}
REQUEST_URI=/api/keyword/pan
---
